20-Oct-2020 17:43:25.822 信息 [main] org.apache.catalina.startup.VersionLoggerListener.log Server.服务器版本: Apache Tomcat/9.0.39
20-Oct-2020 17:43:25.831 信息 [main] org.apache.catalina.startup.VersionLoggerListener.log 服务器构建:        Oct 6 2020 14:11:46 UTC
20-Oct-2020 17:43:25.831 信息 [main] org.apache.catalina.startup.VersionLoggerListener.log 服务器版本号(:     9.0.39.0
20-Oct-2020 17:43:25.832 信息 [main] org.apache.catalina.startup.VersionLoggerListener.log 操作系统名称:      Mac OS X
20-Oct-2020 17:43:25.832 信息 [main] org.apache.catalina.startup.VersionLoggerListener.log OS.版本:           10.15.6
20-Oct-2020 17:43:25.832 信息 [main] org.apache.catalina.startup.VersionLoggerListener.log 架构:              x86_64
20-Oct-2020 17:43:25.832 信息 [main] org.apache.catalina.startup.VersionLoggerListener.log Java 环境变量:     /Library/Java/JavaVirtualMachines/adoptopenjdk-11.jdk/Contents/Home
20-Oct-2020 17:43:25.833 信息 [main] org.apache.catalina.startup.VersionLoggerListener.log Java虚拟机版本:    11.0.8+10
20-Oct-2020 17:43:25.833 信息 [main] org.apache.catalina.startup.VersionLoggerListener.log JVM.供应商:        AdoptOpenJDK
20-Oct-2020 17:43:25.833 信息 [main] org.apache.catalina.startup.VersionLoggerListener.log CATALINA_BASE:     /Users/wnd/code/learn-java/web-servlet-hello/apache-tomcat-9.0.39
20-Oct-2020 17:43:25.833 信息 [main] org.apache.catalina.startup.VersionLoggerListener.log CATALINA_HOME:     /Users/wnd/code/learn-java/web-servlet-hello/apache-tomcat-9.0.39
20-Oct-2020 17:43:25.853 信息 [main] org.apache.catalina.startup.VersionLoggerListener.log 命令行参数：--add-opens=java.base/java.lang=ALL-UNNAMED
20-Oct-2020 17:43:25.854 信息 [main] org.apache.catalina.startup.VersionLoggerListener.log 命令行参数：--add-opens=java.base/java.io=ALL-UNNAMED
20-Oct-2020 17:43:25.854 信息 [main] org.apache.catalina.startup.VersionLoggerListener.log 命令行参数：--add-opens=java.rmi/sun.rmi.transport=ALL-UNNAMED
20-Oct-2020 17:43:25.854 信息 [main] org.apache.catalina.startup.VersionLoggerListener.log 命令行参数：-Djava.util.logging.config.file=/Users/wnd/code/learn-java/web-servlet-hello/apache-tomcat-9.0.39/conf/logging.properties
20-Oct-2020 17:43:25.855 信息 [main] org.apache.catalina.startup.VersionLoggerListener.log 命令行参数：-Djava.util.logging.manager=org.apache.juli.ClassLoaderLogManager
20-Oct-2020 17:43:25.855 信息 [main] org.apache.catalina.startup.VersionLoggerListener.log 命令行参数：-Djdk.tls.ephemeralDHKeySize=2048
20-Oct-2020 17:43:25.855 信息 [main] org.apache.catalina.startup.VersionLoggerListener.log 命令行参数：-Djava.protocol.handler.pkgs=org.apache.catalina.webresources
20-Oct-2020 17:43:25.856 信息 [main] org.apache.catalina.startup.VersionLoggerListener.log 命令行参数：-Dorg.apache.catalina.security.SecurityListener.UMASK=0027
20-Oct-2020 17:43:25.856 信息 [main] org.apache.catalina.startup.VersionLoggerListener.log 命令行参数：-Dignore.endorsed.dirs=
20-Oct-2020 17:43:25.856 信息 [main] org.apache.catalina.startup.VersionLoggerListener.log 命令行参数：-Dcatalina.base=/Users/wnd/code/learn-java/web-servlet-hello/apache-tomcat-9.0.39
20-Oct-2020 17:43:25.856 信息 [main] org.apache.catalina.startup.VersionLoggerListener.log 命令行参数：-Dcatalina.home=/Users/wnd/code/learn-java/web-servlet-hello/apache-tomcat-9.0.39
20-Oct-2020 17:43:25.856 信息 [main] org.apache.catalina.startup.VersionLoggerListener.log 命令行参数：-Djava.io.tmpdir=/Users/wnd/code/learn-java/web-servlet-hello/apache-tomcat-9.0.39/temp
20-Oct-2020 17:43:25.862 信息 [main] org.apache.catalina.core.AprLifecycleListener.lifecycleEvent 在java.library.path:[/Users/wnd/Library/Java/Extensions:/Library/Java/Extensions:/Network/Library/Java/Extensions:/System/Library/Java/Extensions:/usr/lib/java:.]上找不到基于APR的Apache Tomcat本机库，该库允许在生产环境中获得最佳性能
20-Oct-2020 17:43:26.448 信息 [main] org.apache.coyote.AbstractProtocol.init 初始化协议处理器 ["http-nio-8080"]
20-Oct-2020 17:43:26.503 严重 [main] org.apache.catalina.util.LifecycleBase.handleSubClassException 初始化组件[Connector[HTTP/1.1-8080]]失败。
	org.apache.catalina.LifecycleException: 协议处理程序初始化失败
		at org.apache.catalina.connector.Connector.initInternal(Connector.java:1042)
		at org.apache.catalina.util.LifecycleBase.init(LifecycleBase.java:136)
		at org.apache.catalina.core.StandardService.initInternal(StandardService.java:533)
		at org.apache.catalina.util.LifecycleBase.init(LifecycleBase.java:136)
		at org.apache.catalina.core.StandardServer.initInternal(StandardServer.java:1057)
		at org.apache.catalina.util.LifecycleBase.init(LifecycleBase.java:136)
		at org.apache.catalina.startup.Catalina.load(Catalina.java:724)
		at org.apache.catalina.startup.Catalina.load(Catalina.java:746)
		at java.base/jdk.internal.reflect.NativeMethodAccessorImpl.invoke0(Native Method)
		at java.base/jdk.internal.reflect.NativeMethodAccessorImpl.invoke(NativeMethodAccessorImpl.java:62)
		at java.base/jdk.internal.reflect.DelegatingMethodAccessorImpl.invoke(DelegatingMethodAccessorImpl.java:43)
		at java.base/java.lang.reflect.Method.invoke(Method.java:566)
		at org.apache.catalina.startup.Bootstrap.load(Bootstrap.java:302)
		at org.apache.catalina.startup.Bootstrap.main(Bootstrap.java:472)
	Caused by: java.net.BindException: Address already in use
		at java.base/sun.nio.ch.Net.bind0(Native Method)
		at java.base/sun.nio.ch.Net.bind(Net.java:455)
		at java.base/sun.nio.ch.Net.bind(Net.java:447)
		at java.base/sun.nio.ch.ServerSocketChannelImpl.bind(ServerSocketChannelImpl.java:227)
		at java.base/sun.nio.ch.ServerSocketAdaptor.bind(ServerSocketAdaptor.java:80)
		at org.apache.tomcat.util.net.NioEndpoint.initServerSocket(NioEndpoint.java:228)
		at org.apache.tomcat.util.net.NioEndpoint.bind(NioEndpoint.java:211)
		at org.apache.tomcat.util.net.AbstractEndpoint.bindWithCleanup(AbstractEndpoint.java:1141)
		at org.apache.tomcat.util.net.AbstractEndpoint.init(AbstractEndpoint.java:1154)
		at org.apache.coyote.AbstractProtocol.init(AbstractProtocol.java:581)
		at org.apache.coyote.http11.AbstractHttp11Protocol.init(AbstractHttp11Protocol.java:75)
		at org.apache.catalina.connector.Connector.initInternal(Connector.java:1039)
		... 13 more
20-Oct-2020 17:43:26.506 信息 [main] org.apache.catalina.startup.Catalina.load 服务器在[1182]毫秒内初始化
20-Oct-2020 17:43:26.607 信息 [main] org.apache.catalina.core.StandardService.startInternal 正在启动服务[Catalina]
20-Oct-2020 17:43:26.608 信息 [main] org.apache.catalina.core.StandardEngine.startInternal 正在启动 Servlet 引擎：[Apache Tomcat/9.0.39]
20-Oct-2020 17:43:26.636 信息 [main] org.apache.catalina.startup.HostConfig.deployWAR 正在部署web应用程序存档文件[/Users/wnd/code/learn-java/web-servlet-hello/apache-tomcat-9.0.39/webapps/hello.war]
20-Oct-2020 17:43:27.133 信息 [main] org.apache.catalina.startup.HostConfig.deployWAR web应用程序存档文件[/Users/wnd/code/learn-java/web-servlet-hello/apache-tomcat-9.0.39/webapps/hello.war]的部署已在[494]ms内完成
20-Oct-2020 17:43:27.134 信息 [main] org.apache.catalina.startup.HostConfig.deployDirectory 把web 应用程序部署到目录 [/Users/wnd/code/learn-java/web-servlet-hello/apache-tomcat-9.0.39/webapps/docs]
20-Oct-2020 17:43:27.166 信息 [main] org.apache.catalina.startup.HostConfig.deployDirectory Web应用程序目录[/Users/wnd/code/learn-java/web-servlet-hello/apache-tomcat-9.0.39/webapps/docs]的部署已在[32]毫秒内完成
20-Oct-2020 17:43:27.167 信息 [main] org.apache.catalina.startup.HostConfig.deployDirectory 把web 应用程序部署到目录 [/Users/wnd/code/learn-java/web-servlet-hello/apache-tomcat-9.0.39/webapps/manager]
20-Oct-2020 17:43:27.225 信息 [main] org.apache.catalina.startup.HostConfig.deployDirectory Web应用程序目录[/Users/wnd/code/learn-java/web-servlet-hello/apache-tomcat-9.0.39/webapps/manager]的部署已在[58]毫秒内完成
20-Oct-2020 17:43:27.226 信息 [main] org.apache.catalina.startup.HostConfig.deployDirectory 把web 应用程序部署到目录 [/Users/wnd/code/learn-java/web-servlet-hello/apache-tomcat-9.0.39/webapps/examples]
20-Oct-2020 17:43:27.661 信息 [main] org.apache.catalina.startup.HostConfig.deployDirectory Web应用程序目录[/Users/wnd/code/learn-java/web-servlet-hello/apache-tomcat-9.0.39/webapps/examples]的部署已在[435]毫秒内完成
20-Oct-2020 17:43:27.661 信息 [main] org.apache.catalina.startup.HostConfig.deployDirectory 把web 应用程序部署到目录 [/Users/wnd/code/learn-java/web-servlet-hello/apache-tomcat-9.0.39/webapps/ROOT]
20-Oct-2020 17:43:27.690 信息 [main] org.apache.catalina.startup.HostConfig.deployDirectory Web应用程序目录[/Users/wnd/code/learn-java/web-servlet-hello/apache-tomcat-9.0.39/webapps/ROOT]的部署已在[28]毫秒内完成
20-Oct-2020 17:43:27.690 信息 [main] org.apache.catalina.startup.HostConfig.deployDirectory 把web 应用程序部署到目录 [/Users/wnd/code/learn-java/web-servlet-hello/apache-tomcat-9.0.39/webapps/host-manager]
20-Oct-2020 17:43:27.725 信息 [main] org.apache.catalina.startup.HostConfig.deployDirectory Web应用程序目录[/Users/wnd/code/learn-java/web-servlet-hello/apache-tomcat-9.0.39/webapps/host-manager]的部署已在[34]毫秒内完成
20-Oct-2020 17:43:27.732 信息 [main] org.apache.catalina.startup.Catalina.start [1225]毫秒后服务器启动
20-Oct-2020 17:47:12.027 信息 [main] org.apache.catalina.core.StandardServer.await 通过关闭端口接收到有效的关闭命令。正在停止服务器实例。
20-Oct-2020 17:47:12.028 信息 [main] org.apache.coyote.AbstractProtocol.pause 暂停ProtocolHandler["http-nio-8080"]
20-Oct-2020 17:47:12.029 信息 [main] org.apache.catalina.core.StandardService.stopInternal 正在停止服务[Catalina]
20-Oct-2020 17:47:12.099 信息 [main] org.apache.coyote.AbstractProtocol.stop 正在停止ProtocolHandler ["http-nio-8080"]
20-Oct-2020 17:47:12.100 信息 [main] org.apache.coyote.AbstractProtocol.destroy 正在摧毁协议处理器 ["http-nio-8080"]
20-Oct-2020 17:47:19.170 信息 [main] org.apache.catalina.startup.VersionLoggerListener.log Server.服务器版本: Apache Tomcat/9.0.39
20-Oct-2020 17:47:19.179 信息 [main] org.apache.catalina.startup.VersionLoggerListener.log 服务器构建:        Oct 6 2020 14:11:46 UTC
20-Oct-2020 17:47:19.180 信息 [main] org.apache.catalina.startup.VersionLoggerListener.log 服务器版本号(:     9.0.39.0
20-Oct-2020 17:47:19.180 信息 [main] org.apache.catalina.startup.VersionLoggerListener.log 操作系统名称:      Mac OS X
20-Oct-2020 17:47:19.181 信息 [main] org.apache.catalina.startup.VersionLoggerListener.log OS.版本:           10.15.6
20-Oct-2020 17:47:19.181 信息 [main] org.apache.catalina.startup.VersionLoggerListener.log 架构:              x86_64
20-Oct-2020 17:47:19.182 信息 [main] org.apache.catalina.startup.VersionLoggerListener.log Java 环境变量:     /Library/Java/JavaVirtualMachines/adoptopenjdk-11.jdk/Contents/Home
20-Oct-2020 17:47:19.182 信息 [main] org.apache.catalina.startup.VersionLoggerListener.log Java虚拟机版本:    11.0.8+10
20-Oct-2020 17:47:19.182 信息 [main] org.apache.catalina.startup.VersionLoggerListener.log JVM.供应商:        AdoptOpenJDK
20-Oct-2020 17:47:19.182 信息 [main] org.apache.catalina.startup.VersionLoggerListener.log CATALINA_BASE:     /Users/wnd/code/learn-java/web-servlet-hello/apache-tomcat-9.0.39
20-Oct-2020 17:47:19.183 信息 [main] org.apache.catalina.startup.VersionLoggerListener.log CATALINA_HOME:     /Users/wnd/code/learn-java/web-servlet-hello/apache-tomcat-9.0.39
20-Oct-2020 17:47:19.204 信息 [main] org.apache.catalina.startup.VersionLoggerListener.log 命令行参数：--add-opens=java.base/java.lang=ALL-UNNAMED
20-Oct-2020 17:47:19.205 信息 [main] org.apache.catalina.startup.VersionLoggerListener.log 命令行参数：--add-opens=java.base/java.io=ALL-UNNAMED
20-Oct-2020 17:47:19.206 信息 [main] org.apache.catalina.startup.VersionLoggerListener.log 命令行参数：--add-opens=java.rmi/sun.rmi.transport=ALL-UNNAMED
20-Oct-2020 17:47:19.206 信息 [main] org.apache.catalina.startup.VersionLoggerListener.log 命令行参数：-Djava.util.logging.config.file=/Users/wnd/code/learn-java/web-servlet-hello/apache-tomcat-9.0.39/conf/logging.properties
20-Oct-2020 17:47:19.206 信息 [main] org.apache.catalina.startup.VersionLoggerListener.log 命令行参数：-Djava.util.logging.manager=org.apache.juli.ClassLoaderLogManager
20-Oct-2020 17:47:19.207 信息 [main] org.apache.catalina.startup.VersionLoggerListener.log 命令行参数：-Djdk.tls.ephemeralDHKeySize=2048
20-Oct-2020 17:47:19.207 信息 [main] org.apache.catalina.startup.VersionLoggerListener.log 命令行参数：-Djava.protocol.handler.pkgs=org.apache.catalina.webresources
20-Oct-2020 17:47:19.207 信息 [main] org.apache.catalina.startup.VersionLoggerListener.log 命令行参数：-Dorg.apache.catalina.security.SecurityListener.UMASK=0027
20-Oct-2020 17:47:19.208 信息 [main] org.apache.catalina.startup.VersionLoggerListener.log 命令行参数：-Dignore.endorsed.dirs=
20-Oct-2020 17:47:19.208 信息 [main] org.apache.catalina.startup.VersionLoggerListener.log 命令行参数：-Dcatalina.base=/Users/wnd/code/learn-java/web-servlet-hello/apache-tomcat-9.0.39
20-Oct-2020 17:47:19.208 信息 [main] org.apache.catalina.startup.VersionLoggerListener.log 命令行参数：-Dcatalina.home=/Users/wnd/code/learn-java/web-servlet-hello/apache-tomcat-9.0.39
20-Oct-2020 17:47:19.208 信息 [main] org.apache.catalina.startup.VersionLoggerListener.log 命令行参数：-Djava.io.tmpdir=/Users/wnd/code/learn-java/web-servlet-hello/apache-tomcat-9.0.39/temp
20-Oct-2020 17:47:19.212 信息 [main] org.apache.catalina.core.AprLifecycleListener.lifecycleEvent 在java.library.path:[/Users/wnd/Library/Java/Extensions:/Library/Java/Extensions:/Network/Library/Java/Extensions:/System/Library/Java/Extensions:/usr/lib/java:.]上找不到基于APR的Apache Tomcat本机库，该库允许在生产环境中获得最佳性能
20-Oct-2020 17:47:19.903 信息 [main] org.apache.coyote.AbstractProtocol.init 初始化协议处理器 ["http-nio-8080"]
20-Oct-2020 17:47:19.985 信息 [main] org.apache.catalina.startup.Catalina.load 服务器在[1201]毫秒内初始化
20-Oct-2020 17:47:20.169 信息 [main] org.apache.catalina.core.StandardService.startInternal 正在启动服务[Catalina]
20-Oct-2020 17:47:20.170 信息 [main] org.apache.catalina.core.StandardEngine.startInternal 正在启动 Servlet 引擎：[Apache Tomcat/9.0.39]
20-Oct-2020 17:47:20.214 信息 [main] org.apache.catalina.startup.HostConfig.deployWAR 正在部署web应用程序存档文件[/Users/wnd/code/learn-java/web-servlet-hello/apache-tomcat-9.0.39/webapps/hello.war]
20-Oct-2020 17:47:21.250 信息 [main] org.apache.catalina.startup.HostConfig.deployWAR web应用程序存档文件[/Users/wnd/code/learn-java/web-servlet-hello/apache-tomcat-9.0.39/webapps/hello.war]的部署已在[1,033]ms内完成
20-Oct-2020 17:47:21.251 信息 [main] org.apache.catalina.startup.HostConfig.deployDirectory 把web 应用程序部署到目录 [/Users/wnd/code/learn-java/web-servlet-hello/apache-tomcat-9.0.39/webapps/docs]
20-Oct-2020 17:47:21.314 信息 [main] org.apache.catalina.startup.HostConfig.deployDirectory Web应用程序目录[/Users/wnd/code/learn-java/web-servlet-hello/apache-tomcat-9.0.39/webapps/docs]的部署已在[63]毫秒内完成
20-Oct-2020 17:47:21.315 信息 [main] org.apache.catalina.startup.HostConfig.deployDirectory 把web 应用程序部署到目录 [/Users/wnd/code/learn-java/web-servlet-hello/apache-tomcat-9.0.39/webapps/manager]
20-Oct-2020 17:47:21.431 信息 [main] org.apache.catalina.startup.HostConfig.deployDirectory Web应用程序目录[/Users/wnd/code/learn-java/web-servlet-hello/apache-tomcat-9.0.39/webapps/manager]的部署已在[114]毫秒内完成
20-Oct-2020 17:47:21.431 信息 [main] org.apache.catalina.startup.HostConfig.deployDirectory 把web 应用程序部署到目录 [/Users/wnd/code/learn-java/web-servlet-hello/apache-tomcat-9.0.39/webapps/examples]
20-Oct-2020 17:47:22.067 信息 [main] org.apache.catalina.startup.HostConfig.deployDirectory Web应用程序目录[/Users/wnd/code/learn-java/web-servlet-hello/apache-tomcat-9.0.39/webapps/examples]的部署已在[636]毫秒内完成
20-Oct-2020 17:47:22.068 信息 [main] org.apache.catalina.startup.HostConfig.deployDirectory 把web 应用程序部署到目录 [/Users/wnd/code/learn-java/web-servlet-hello/apache-tomcat-9.0.39/webapps/ROOT]
20-Oct-2020 17:47:22.102 信息 [main] org.apache.catalina.startup.HostConfig.deployDirectory Web应用程序目录[/Users/wnd/code/learn-java/web-servlet-hello/apache-tomcat-9.0.39/webapps/ROOT]的部署已在[35]毫秒内完成
20-Oct-2020 17:47:22.103 信息 [main] org.apache.catalina.startup.HostConfig.deployDirectory 把web 应用程序部署到目录 [/Users/wnd/code/learn-java/web-servlet-hello/apache-tomcat-9.0.39/webapps/host-manager]
20-Oct-2020 17:47:22.153 信息 [main] org.apache.catalina.startup.HostConfig.deployDirectory Web应用程序目录[/Users/wnd/code/learn-java/web-servlet-hello/apache-tomcat-9.0.39/webapps/host-manager]的部署已在[50]毫秒内完成
20-Oct-2020 17:47:22.163 信息 [main] org.apache.coyote.AbstractProtocol.start 开始协议处理句柄["http-nio-8080"]
20-Oct-2020 17:47:22.183 信息 [main] org.apache.catalina.startup.Catalina.start [2197]毫秒后服务器启动
20-Oct-2020 17:50:56.500 信息 [main] org.apache.catalina.core.StandardServer.await 通过关闭端口接收到有效的关闭命令。正在停止服务器实例。
20-Oct-2020 17:50:56.502 信息 [main] org.apache.coyote.AbstractProtocol.pause 暂停ProtocolHandler["http-nio-8080"]
20-Oct-2020 17:50:56.534 信息 [main] org.apache.catalina.core.StandardService.stopInternal 正在停止服务[Catalina]
20-Oct-2020 17:50:56.656 信息 [main] org.apache.coyote.AbstractProtocol.stop 正在停止ProtocolHandler ["http-nio-8080"]
20-Oct-2020 17:50:56.689 信息 [main] org.apache.coyote.AbstractProtocol.destroy 正在摧毁协议处理器 ["http-nio-8080"]
